Compiled jquery.js  (6ms)  (pid 2986)
Compiled jquery_ujs.js  (1ms)  (pid 2986)
Compiled bootstrap-transition.js  (1ms)  (pid 2986)
Compiled bootstrap-affix.js  (1ms)  (pid 2986)
Compiled bootstrap-alert.js  (6ms)  (pid 2986)
Compiled bootstrap-button.js  (1ms)  (pid 2986)
Compiled bootstrap-carousel.js  (1ms)  (pid 2986)
Compiled bootstrap-collapse.js  (1ms)  (pid 2986)
Compiled bootstrap-dropdown.js  (1ms)  (pid 2986)
Compiled bootstrap-modal.js  (1ms)  (pid 2986)
Compiled bootstrap-scrollspy.js  (1ms)  (pid 2986)
Compiled bootstrap-tab.js  (1ms)  (pid 2986)
Compiled bootstrap-tooltip.js  (1ms)  (pid 2986)
Compiled bootstrap-popover.js  (1ms)  (pid 2986)
Compiled bootstrap-typeahead.js  (1ms)  (pid 2986)
Compiled bootstrap.js  (354ms)  (pid 2986)
Compiled home.js  (977ms)  (pid 2986)
Compiled proposals.js  (176ms)  (pid 2986)
Compiled application.js  (1772ms)  (pid 2986)
Compiled bootstrap_and_overrides.css  (9115ms)  (pid 2986)
Compiled home.css  (7ms)  (pid 2986)
Compiled proposals.css  (4ms)  (pid 2986)
Compiled scaffolds.css  (54ms)  (pid 2986)
Compiled application.css  (9356ms)  (pid 2986)
Compiled jquery.js  (6ms)  (pid 2986)
Compiled jquery_ujs.js  (1ms)  (pid 2986)
Compiled bootstrap-transition.js  (1ms)  (pid 2986)
Compiled bootstrap-affix.js  (1ms)  (pid 2986)
Compiled bootstrap-alert.js  (1ms)  (pid 2986)
Compiled bootstrap-button.js  (1ms)  (pid 2986)
Compiled bootstrap-carousel.js  (1ms)  (pid 2986)
Compiled bootstrap-collapse.js  (1ms)  (pid 2986)
Compiled bootstrap-dropdown.js  (1ms)  (pid 2986)
Compiled bootstrap-modal.js  (1ms)  (pid 2986)
Compiled bootstrap-scrollspy.js  (1ms)  (pid 2986)
Compiled bootstrap-tab.js  (1ms)  (pid 2986)
Compiled bootstrap-tooltip.js  (1ms)  (pid 2986)
Compiled bootstrap-popover.js  (1ms)  (pid 2986)
Compiled bootstrap-typeahead.js  (1ms)  (pid 2986)
Compiled bootstrap.js  (309ms)  (pid 2986)
Compiled home.js  (186ms)  (pid 2986)
Compiled proposals.js  (247ms)  (pid 2986)
Compiled application.js  (919ms)  (pid 2986)
Compiled bootstrap_and_overrides.css  (8614ms)  (pid 2986)
Compiled home.css  (3ms)  (pid 2986)
Compiled proposals.css  (4ms)  (pid 2986)
Compiled scaffolds.css  (43ms)  (pid 2986)
Compiled application.css  (8800ms)  (pid 2986)
